2015-06-19 01:55:45,324 [INFO] from play.api.libs.concurrent.ActorSystemProvider in pool-523-thread-3 - Starting application default Akka system: application
2015-06-19 01:55:45,557 [INFO] from play.core.server.NettyServer$ in pool-523-thread-3 - Listening for HTTP on /0:0:0:0:0:0:0:0:9000
2015-06-19 01:56:05,758 [ERROR] from application in New I/O worker #1 - 

! @6mg897m99 - Internal server error, for (GET) [/] ->
 
play.sbt.PlayExceptions$CompilationException: Compilation error[illegal start of simple expression]
	at play.sbt.PlayExceptions$CompilationException$.apply(PlayExceptions.scala:27) ~[na:na]
	at play.sbt.PlayExceptions$CompilationException$.apply(PlayExceptions.scala:27) ~[na:na]
	at scala.Option.map(Option.scala:145) ~[scala-library-2.11.6.jar:na]
	at play.sbt.run.PlayReload$$anonfun$taskFailureHandler$1.apply(PlayReload.scala:49) ~[na:na]
	at play.sbt.run.PlayReload$$anonfun$taskFailureHandler$1.apply(PlayReload.scala:44) ~[na:na]
	at scala.Option.map(Option.scala:145) ~[scala-library-2.11.6.jar:na]
	at play.sbt.run.PlayReload$.taskFailureHandler(PlayReload.scala:44) ~[na:na]
	at play.sbt.run.PlayReload$.compileFailure(PlayReload.scala:40) ~[na:na]
	at play.sbt.run.PlayReload$$anonfun$compile$1.apply(PlayReload.scala:17) ~[na:na]
	at play.sbt.run.PlayReload$$anonfun$compile$1.apply(PlayReload.scala:17) ~[na:na]
	at scala.util.Either$LeftProjection.map(Either.scala:377) ~[scala-library-2.11.6.jar:na]
	at play.sbt.run.PlayReload$.compile(PlayReload.scala:17) ~[na:na]
	at play.sbt.run.PlayRun$$anonfun$playRunTask$1$$anonfun$apply$2$$anonfun$apply$3$$anonfun$2.apply(PlayRun.scala:60) ~[na:na]
	at play.sbt.run.PlayRun$$anonfun$playRunTask$1$$anonfun$apply$2$$anonfun$apply$3$$anonfun$2.apply(PlayRun.scala:60) ~[na:na]
	at play.runsupport.Reloader.reload(Reloader.scala:305) ~[na:na]
	at play.core.server.DevServerStart$$anonfun$mainDev$1$$anon$1$$anonfun$get$1.apply(DevServerStart.scala:113) ~[play-server_2.11-2.4.0.jar:2.4.0]
	at play.core.server.DevServerStart$$anonfun$mainDev$1$$anon$1$$anonfun$get$1.apply(DevServerStart.scala:111) ~[play-server_2.11-2.4.0.jar:2.4.0]
	at scala.concurrent.impl.Future$PromiseCompletingRunnable.liftedTree1$1(Future.scala:24) ~[scala-library-2.11.6.jar:na]
	at scala.concurrent.impl.Future$PromiseCompletingRunnable.run(Future.scala:24) ~[scala-library-2.11.6.jar:na]
	at java.util.concurrent.ForkJoinTask$RunnableExecuteAction.exec(ForkJoinTask.java:1402) ~[na:1.8.0_45]
	at java.util.concurrent.ForkJoinTask.doExec(ForkJoinTask.java:289) ~[na:1.8.0_45]
	at java.util.concurrent.ForkJoinPool$WorkQueue.runTask(ForkJoinPool.java:1056) ~[na:1.8.0_45]
	at java.util.concurrent.ForkJoinPool.runWorker(ForkJoinPool.java:1689) ~[na:1.8.0_45]
	at java.util.concurrent.ForkJoinWorkerThread.run(ForkJoinWorkerThread.java:157) ~[na:1.8.0_45]
2015-06-19 01:56:08,139 [ERROR] from application in New I/O worker #1 - 

! @6mg897ppd - Internal server error, for (GET) [/] ->
 
play.sbt.PlayExceptions$CompilationException: Compilation error[illegal start of simple expression]
	at play.sbt.PlayExceptions$CompilationException$.apply(PlayExceptions.scala:27) ~[na:na]
	at play.sbt.PlayExceptions$CompilationException$.apply(PlayExceptions.scala:27) ~[na:na]
	at scala.Option.map(Option.scala:145) ~[scala-library-2.11.6.jar:na]
	at play.sbt.run.PlayReload$$anonfun$taskFailureHandler$1.apply(PlayReload.scala:49) ~[na:na]
	at play.sbt.run.PlayReload$$anonfun$taskFailureHandler$1.apply(PlayReload.scala:44) ~[na:na]
	at scala.Option.map(Option.scala:145) ~[scala-library-2.11.6.jar:na]
	at play.sbt.run.PlayReload$.taskFailureHandler(PlayReload.scala:44) ~[na:na]
	at play.sbt.run.PlayReload$.compileFailure(PlayReload.scala:40) ~[na:na]
	at play.sbt.run.PlayReload$$anonfun$compile$1.apply(PlayReload.scala:17) ~[na:na]
	at play.sbt.run.PlayReload$$anonfun$compile$1.apply(PlayReload.scala:17) ~[na:na]
	at scala.util.Either$LeftProjection.map(Either.scala:377) ~[scala-library-2.11.6.jar:na]
	at play.sbt.run.PlayReload$.compile(PlayReload.scala:17) ~[na:na]
	at play.sbt.run.PlayRun$$anonfun$playRunTask$1$$anonfun$apply$2$$anonfun$apply$3$$anonfun$2.apply(PlayRun.scala:60) ~[na:na]
	at play.sbt.run.PlayRun$$anonfun$playRunTask$1$$anonfun$apply$2$$anonfun$apply$3$$anonfun$2.apply(PlayRun.scala:60) ~[na:na]
	at play.runsupport.Reloader.reload(Reloader.scala:305) ~[na:na]
	at play.core.server.DevServerStart$$anonfun$mainDev$1$$anon$1$$anonfun$get$1.apply(DevServerStart.scala:113) ~[play-server_2.11-2.4.0.jar:2.4.0]
	at play.core.server.DevServerStart$$anonfun$mainDev$1$$anon$1$$anonfun$get$1.apply(DevServerStart.scala:111) ~[play-server_2.11-2.4.0.jar:2.4.0]
	at scala.concurrent.impl.Future$PromiseCompletingRunnable.liftedTree1$1(Future.scala:24) ~[scala-library-2.11.6.jar:na]
	at scala.concurrent.impl.Future$PromiseCompletingRunnable.run(Future.scala:24) ~[scala-library-2.11.6.jar:na]
	at java.util.concurrent.ForkJoinTask$RunnableExecuteAction.exec(ForkJoinTask.java:1402) ~[na:1.8.0_45]
	at java.util.concurrent.ForkJoinTask.doExec(ForkJoinTask.java:289) ~[na:1.8.0_45]
	at java.util.concurrent.ForkJoinPool$WorkQueue.runTask(ForkJoinPool.java:1056) ~[na:1.8.0_45]
	at java.util.concurrent.ForkJoinPool.runWorker(ForkJoinPool.java:1689) ~[na:1.8.0_45]
	at java.util.concurrent.ForkJoinWorkerThread.run(ForkJoinWorkerThread.java:157) ~[na:1.8.0_45]
2015-06-19 01:56:09,581 [ERROR] from application in New I/O worker #2 - 

! @6mg89822c - Internal server error, for (GET) [/apple-touch-icon-precomposed.png] ->
 
play.sbt.PlayExceptions$CompilationException: Compilation error[illegal start of simple expression]
	at play.sbt.PlayExceptions$CompilationException$.apply(PlayExceptions.scala:27) ~[na:na]
	at play.sbt.PlayExceptions$CompilationException$.apply(PlayExceptions.scala:27) ~[na:na]
	at scala.Option.map(Option.scala:145) ~[scala-library-2.11.6.jar:na]
	at play.sbt.run.PlayReload$$anonfun$taskFailureHandler$1.apply(PlayReload.scala:49) ~[na:na]
	at play.sbt.run.PlayReload$$anonfun$taskFailureHandler$1.apply(PlayReload.scala:44) ~[na:na]
	at scala.Option.map(Option.scala:145) ~[scala-library-2.11.6.jar:na]
	at play.sbt.run.PlayReload$.taskFailureHandler(PlayReload.scala:44) ~[na:na]
	at play.sbt.run.PlayReload$.compileFailure(PlayReload.scala:40) ~[na:na]
	at play.sbt.run.PlayReload$$anonfun$compile$1.apply(PlayReload.scala:17) ~[na:na]
	at play.sbt.run.PlayReload$$anonfun$compile$1.apply(PlayReload.scala:17) ~[na:na]
	at scala.util.Either$LeftProjection.map(Either.scala:377) ~[scala-library-2.11.6.jar:na]
	at play.sbt.run.PlayReload$.compile(PlayReload.scala:17) ~[na:na]
	at play.sbt.run.PlayRun$$anonfun$playRunTask$1$$anonfun$apply$2$$anonfun$apply$3$$anonfun$2.apply(PlayRun.scala:60) ~[na:na]
	at play.sbt.run.PlayRun$$anonfun$playRunTask$1$$anonfun$apply$2$$anonfun$apply$3$$anonfun$2.apply(PlayRun.scala:60) ~[na:na]
	at play.runsupport.Reloader.reload(Reloader.scala:305) ~[na:na]
	at play.core.server.DevServerStart$$anonfun$mainDev$1$$anon$1$$anonfun$get$1.apply(DevServerStart.scala:113) ~[play-server_2.11-2.4.0.jar:2.4.0]
	at play.core.server.DevServerStart$$anonfun$mainDev$1$$anon$1$$anonfun$get$1.apply(DevServerStart.scala:111) ~[play-server_2.11-2.4.0.jar:2.4.0]
	at scala.concurrent.impl.Future$PromiseCompletingRunnable.liftedTree1$1(Future.scala:24) ~[scala-library-2.11.6.jar:na]
	at scala.concurrent.impl.Future$PromiseCompletingRunnable.run(Future.scala:24) ~[scala-library-2.11.6.jar:na]
	at java.util.concurrent.ForkJoinTask$RunnableExecuteAction.exec(ForkJoinTask.java:1402) ~[na:1.8.0_45]
	at java.util.concurrent.ForkJoinTask.doExec(ForkJoinTask.java:289) ~[na:1.8.0_45]
	at java.util.concurrent.ForkJoinPool$WorkQueue.runTask(ForkJoinPool.java:1056) ~[na:1.8.0_45]
	at java.util.concurrent.ForkJoinPool.runWorker(ForkJoinPool.java:1689) ~[na:1.8.0_45]
	at java.util.concurrent.ForkJoinWorkerThread.run(ForkJoinWorkerThread.java:157) ~[na:1.8.0_45]
2015-06-19 01:56:10,102 [ERROR] from application in New I/O worker #2 - 

! @6mg8982n4 - Internal server error, for (GET) [/apple-touch-icon.png] ->
 
play.sbt.PlayExceptions$CompilationException: Compilation error[illegal start of simple expression]
	at play.sbt.PlayExceptions$CompilationException$.apply(PlayExceptions.scala:27) ~[na:na]
	at play.sbt.PlayExceptions$CompilationException$.apply(PlayExceptions.scala:27) ~[na:na]
	at scala.Option.map(Option.scala:145) ~[scala-library-2.11.6.jar:na]
	at play.sbt.run.PlayReload$$anonfun$taskFailureHandler$1.apply(PlayReload.scala:49) ~[na:na]
	at play.sbt.run.PlayReload$$anonfun$taskFailureHandler$1.apply(PlayReload.scala:44) ~[na:na]
	at scala.Option.map(Option.scala:145) ~[scala-library-2.11.6.jar:na]
	at play.sbt.run.PlayReload$.taskFailureHandler(PlayReload.scala:44) ~[na:na]
	at play.sbt.run.PlayReload$.compileFailure(PlayReload.scala:40) ~[na:na]
	at play.sbt.run.PlayReload$$anonfun$compile$1.apply(PlayReload.scala:17) ~[na:na]
	at play.sbt.run.PlayReload$$anonfun$compile$1.apply(PlayReload.scala:17) ~[na:na]
	at scala.util.Either$LeftProjection.map(Either.scala:377) ~[scala-library-2.11.6.jar:na]
	at play.sbt.run.PlayReload$.compile(PlayReload.scala:17) ~[na:na]
	at play.sbt.run.PlayRun$$anonfun$playRunTask$1$$anonfun$apply$2$$anonfun$apply$3$$anonfun$2.apply(PlayRun.scala:60) ~[na:na]
	at play.sbt.run.PlayRun$$anonfun$playRunTask$1$$anonfun$apply$2$$anonfun$apply$3$$anonfun$2.apply(PlayRun.scala:60) ~[na:na]
	at play.runsupport.Reloader.reload(Reloader.scala:305) ~[na:na]
	at play.core.server.DevServerStart$$anonfun$mainDev$1$$anon$1$$anonfun$get$1.apply(DevServerStart.scala:113) ~[play-server_2.11-2.4.0.jar:2.4.0]
	at play.core.server.DevServerStart$$anonfun$mainDev$1$$anon$1$$anonfun$get$1.apply(DevServerStart.scala:111) ~[play-server_2.11-2.4.0.jar:2.4.0]
	at scala.concurrent.impl.Future$PromiseCompletingRunnable.liftedTree1$1(Future.scala:24) ~[scala-library-2.11.6.jar:na]
	at scala.concurrent.impl.Future$PromiseCompletingRunnable.run(Future.scala:24) ~[scala-library-2.11.6.jar:na]
	at java.util.concurrent.ForkJoinTask$RunnableExecuteAction.exec(ForkJoinTask.java:1402) ~[na:1.8.0_45]
	at java.util.concurrent.ForkJoinTask.doExec(ForkJoinTask.java:289) ~[na:1.8.0_45]
	at java.util.concurrent.ForkJoinPool$WorkQueue.runTask(ForkJoinPool.java:1056) ~[na:1.8.0_45]
	at java.util.concurrent.ForkJoinPool.runWorker(ForkJoinPool.java:1689) ~[na:1.8.0_45]
	at java.util.concurrent.ForkJoinWorkerThread.run(ForkJoinWorkerThread.java:157) ~[na:1.8.0_45]
2015-06-19 01:56:57,252 [ERROR] from application in New I/O worker #3 - 

! @6mg89akep - Internal server error, for (GET) [/] ->
 
play.sbt.PlayExceptions$CompilationException: Compilation error[illegal start of simple expression]
	at play.sbt.PlayExceptions$CompilationException$.apply(PlayExceptions.scala:27) ~[na:na]
	at play.sbt.PlayExceptions$CompilationException$.apply(PlayExceptions.scala:27) ~[na:na]
	at scala.Option.map(Option.scala:145) ~[scala-library-2.11.6.jar:na]
	at play.sbt.run.PlayReload$$anonfun$taskFailureHandler$1.apply(PlayReload.scala:49) ~[na:na]
	at play.sbt.run.PlayReload$$anonfun$taskFailureHandler$1.apply(PlayReload.scala:44) ~[na:na]
	at scala.Option.map(Option.scala:145) ~[scala-library-2.11.6.jar:na]
	at play.sbt.run.PlayReload$.taskFailureHandler(PlayReload.scala:44) ~[na:na]
	at play.sbt.run.PlayReload$.compileFailure(PlayReload.scala:40) ~[na:na]
	at play.sbt.run.PlayReload$$anonfun$compile$1.apply(PlayReload.scala:17) ~[na:na]
	at play.sbt.run.PlayReload$$anonfun$compile$1.apply(PlayReload.scala:17) ~[na:na]
	at scala.util.Either$LeftProjection.map(Either.scala:377) ~[scala-library-2.11.6.jar:na]
	at play.sbt.run.PlayReload$.compile(PlayReload.scala:17) ~[na:na]
	at play.sbt.run.PlayRun$$anonfun$playRunTask$1$$anonfun$apply$2$$anonfun$apply$3$$anonfun$2.apply(PlayRun.scala:60) ~[na:na]
	at play.sbt.run.PlayRun$$anonfun$playRunTask$1$$anonfun$apply$2$$anonfun$apply$3$$anonfun$2.apply(PlayRun.scala:60) ~[na:na]
	at play.runsupport.Reloader.reload(Reloader.scala:305) ~[na:na]
	at play.core.server.DevServerStart$$anonfun$mainDev$1$$anon$1$$anonfun$get$1.apply(DevServerStart.scala:113) ~[play-server_2.11-2.4.0.jar:2.4.0]
	at play.core.server.DevServerStart$$anonfun$mainDev$1$$anon$1$$anonfun$get$1.apply(DevServerStart.scala:111) ~[play-server_2.11-2.4.0.jar:2.4.0]
	at scala.concurrent.impl.Future$PromiseCompletingRunnable.liftedTree1$1(Future.scala:24) ~[scala-library-2.11.6.jar:na]
	at scala.concurrent.impl.Future$PromiseCompletingRunnable.run(Future.scala:24) ~[scala-library-2.11.6.jar:na]
	at java.util.concurrent.ForkJoinTask$RunnableExecuteAction.exec(ForkJoinTask.java:1402) ~[na:1.8.0_45]
	at java.util.concurrent.ForkJoinTask.doExec(ForkJoinTask.java:289) ~[na:1.8.0_45]
	at java.util.concurrent.ForkJoinPool$WorkQueue.runTask(ForkJoinPool.java:1056) ~[na:1.8.0_45]
	at java.util.concurrent.ForkJoinPool.runWorker(ForkJoinPool.java:1689) ~[na:1.8.0_45]
	at java.util.concurrent.ForkJoinWorkerThread.run(ForkJoinWorkerThread.java:157) ~[na:1.8.0_45]
2015-06-19 01:57:12,388 [ERROR] from application in New I/O worker #1 - 

! @6mg89bgp6 - Internal server error, for (GET) [/] ->
 
play.sbt.PlayExceptions$CompilationException: Compilation error[illegal start of simple expression]
	at play.sbt.PlayExceptions$CompilationException$.apply(PlayExceptions.scala:27) ~[na:na]
	at play.sbt.PlayExceptions$CompilationException$.apply(PlayExceptions.scala:27) ~[na:na]
	at scala.Option.map(Option.scala:145) ~[scala-library-2.11.6.jar:na]
	at play.sbt.run.PlayReload$$anonfun$taskFailureHandler$1.apply(PlayReload.scala:49) ~[na:na]
	at play.sbt.run.PlayReload$$anonfun$taskFailureHandler$1.apply(PlayReload.scala:44) ~[na:na]
	at scala.Option.map(Option.scala:145) ~[scala-library-2.11.6.jar:na]
	at play.sbt.run.PlayReload$.taskFailureHandler(PlayReload.scala:44) ~[na:na]
	at play.sbt.run.PlayReload$.compileFailure(PlayReload.scala:40) ~[na:na]
	at play.sbt.run.PlayReload$$anonfun$compile$1.apply(PlayReload.scala:17) ~[na:na]
	at play.sbt.run.PlayReload$$anonfun$compile$1.apply(PlayReload.scala:17) ~[na:na]
	at scala.util.Either$LeftProjection.map(Either.scala:377) ~[scala-library-2.11.6.jar:na]
	at play.sbt.run.PlayReload$.compile(PlayReload.scala:17) ~[na:na]
	at play.sbt.run.PlayRun$$anonfun$playRunTask$1$$anonfun$apply$2$$anonfun$apply$3$$anonfun$2.apply(PlayRun.scala:60) ~[na:na]
	at play.sbt.run.PlayRun$$anonfun$playRunTask$1$$anonfun$apply$2$$anonfun$apply$3$$anonfun$2.apply(PlayRun.scala:60) ~[na:na]
	at play.runsupport.Reloader.reload(Reloader.scala:305) ~[na:na]
	at play.core.server.DevServerStart$$anonfun$mainDev$1$$anon$1$$anonfun$get$1.apply(DevServerStart.scala:113) ~[play-server_2.11-2.4.0.jar:2.4.0]
	at play.core.server.DevServerStart$$anonfun$mainDev$1$$anon$1$$anonfun$get$1.apply(DevServerStart.scala:111) ~[play-server_2.11-2.4.0.jar:2.4.0]
	at scala.concurrent.impl.Future$PromiseCompletingRunnable.liftedTree1$1(Future.scala:24) ~[scala-library-2.11.6.jar:na]
	at scala.concurrent.impl.Future$PromiseCompletingRunnable.run(Future.scala:24) ~[scala-library-2.11.6.jar:na]
	at java.util.concurrent.ForkJoinTask$RunnableExecuteAction.exec(ForkJoinTask.java:1402) ~[na:1.8.0_45]
	at java.util.concurrent.ForkJoinTask.doExec(ForkJoinTask.java:289) ~[na:1.8.0_45]
	at java.util.concurrent.ForkJoinPool$WorkQueue.runTask(ForkJoinPool.java:1056) ~[na:1.8.0_45]
	at java.util.concurrent.ForkJoinPool.runWorker(ForkJoinPool.java:1689) ~[na:1.8.0_45]
	at java.util.concurrent.ForkJoinWorkerThread.run(ForkJoinWorkerThread.java:157) ~[na:1.8.0_45]
2015-06-19 01:58:30,913 [INFO] from akka.event.slf4j.Slf4jLogger in application-akka.actor.default-dispatcher-3 - Slf4jLogger started
2015-06-19 01:58:30,926 [INFO] from play.api.libs.concurrent.ActorSystemProvider in ForkJoinPool-3-worker-0 - Starting application default Akka system: application
2015-06-19 01:58:32,718 [INFO] from play.api.Play$ in ForkJoinPool-3-worker-0 - Application started (Dev)
2015-06-19 01:58:32,815 [DEBUG] from controllers.Application in application-akka.actor.default-dispatcher-4 - User uid: 1 has started the application
2015-06-19 01:58:32,889 [DEBUG] from play.api.libs.CryptoConfigParser in application-akka.actor.default-dispatcher-4 - Generated dev mode secret b9f15e1051b793f6f149d2f6fef55286 for app at file:/Users/MAC/Documents/PlayExperiment/HashItTalkIt/target/scala-2.11/classes/application.conf
2015-06-19 01:58:32,903 [DEBUG] from play.api.mvc.Cookies$ in application-akka.actor.default-dispatcher-4 - Couldn't decode the Cookie header containing: 
2015-06-19 01:58:35,308 [DEBUG] from controllers.Application in application-akka.actor.default-dispatcher-5 - Initiating websockets with session value :Some(1)
2015-06-19 01:58:36,597 [INFO] from models.UserActor in application-akka.actor.default-dispatcher-5 - Creating new instance of UserActor for  UID: 1
2015-06-19 01:58:44,406 [DEBUG] from controllers.Application in application-akka.actor.default-dispatcher-5 - Room Form is in acceptable format
2015-06-19 01:58:50,148 [DEBUG] from controllers.Application in application-akka.actor.default-dispatcher-4 - User uid: 2 has started the application
2015-06-19 01:58:50,157 [DEBUG] from play.api.mvc.Cookies$ in application-akka.actor.default-dispatcher-4 - Couldn't decode the Cookie header containing: 
2015-06-19 01:58:50,642 [DEBUG] from controllers.Application in application-akka.actor.default-dispatcher-11 - Initiating websockets with session value :Some(2)
2015-06-19 01:58:50,654 [INFO] from models.UserActor in application-akka.actor.default-dispatcher-4 - Creating new instance of UserActor for  UID: 2
2015-06-19 01:59:16,719 [DEBUG] from controllers.Application in application-akka.actor.default-dispatcher-7 - Room Form is in acceptable format
2015-06-19 01:59:24,860 [DEBUG] from controllers.Application in application-akka.actor.default-dispatcher-6 - User uid: 2 has started the application
2015-06-19 01:59:24,861 [DEBUG] from play.api.mvc.Cookies$ in application-akka.actor.default-dispatcher-6 - Couldn't decode the Cookie header containing: 
2015-06-19 01:59:25,463 [DEBUG] from controllers.Application in application-akka.actor.default-dispatcher-6 - Initiating websockets with session value :Some(2)
2015-06-19 01:59:25,467 [INFO] from models.UserActor in application-akka.actor.default-dispatcher-9 - Creating new instance of UserActor for  UID: 2
2015-06-19 02:02:13,813 [INFO] from play.api.libs.concurrent.ActorSystemProvider in application-akka.actor.default-dispatcher-17 - Shutdown application default Akka system: application
2015-06-19 02:02:14,878 [INFO] from akka.event.slf4j.Slf4jLogger in application-akka.actor.default-dispatcher-5 - Slf4jLogger started
2015-06-19 02:02:14,882 [INFO] from play.api.libs.concurrent.ActorSystemProvider in application-akka.actor.default-dispatcher-17 - Starting application default Akka system: application
2015-06-19 02:02:15,023 [INFO] from play.api.Play$ in application-akka.actor.default-dispatcher-17 - Application started (Dev)
2015-06-19 02:02:15,073 [DEBUG] from controllers.Application in application-akka.actor.default-dispatcher-3 - User uid: 1 has started the application
2015-06-19 02:02:15,074 [DEBUG] from controllers.Application in application-akka.actor.default-dispatcher-4 - User uid: 2 has started the application
2015-06-19 02:02:15,087 [DEBUG] from play.api.libs.CryptoConfigParser in application-akka.actor.default-dispatcher-3 - Generated dev mode secret b9f15e1051b793f6f149d2f6fef55286 for app at file:/Users/MAC/Documents/PlayExperiment/HashItTalkIt/target/scala-2.11/classes/application.conf
2015-06-19 02:02:15,099 [DEBUG] from play.api.mvc.Cookies$ in application-akka.actor.default-dispatcher-3 - Couldn't decode the Cookie header containing: 
2015-06-19 02:02:15,102 [DEBUG] from play.api.mvc.Cookies$ in application-akka.actor.default-dispatcher-4 - Couldn't decode the Cookie header containing: 
2015-06-19 02:02:15,758 [INFO] from controllers.Application in application-akka.actor.default-dispatcher-5 - GetRoomdetails requested from 1
2015-06-19 02:02:16,033 [DEBUG] from controllers.Application in application-akka.actor.default-dispatcher-5 - Initiating websockets with session value :Some(1)
2015-06-19 02:02:16,053 [INFO] from models.UserActor in application-akka.actor.default-dispatcher-5 - Creating new instance of UserActor for  UID: 1
2015-06-19 02:02:17,240 [INFO] from controllers.Application in application-akka.actor.default-dispatcher-4 - GetRoomdetails requested from 2
2015-06-19 02:02:17,331 [DEBUG] from controllers.Application in application-akka.actor.default-dispatcher-4 - Initiating websockets with session value :Some(2)
2015-06-19 02:02:17,333 [INFO] from models.UserActor in application-akka.actor.default-dispatcher-4 - Creating new instance of UserActor for  UID: 2
2015-06-19 02:02:57,880 [DEBUG] from controllers.Application in application-akka.actor.default-dispatcher-8 - Room Form is in acceptable format
2015-06-19 02:02:57,883 [INFO] from controllers.Application in application-akka.actor.default-dispatcher-8 - Room created by user 1
2015-06-19 02:03:03,769 [DEBUG] from controllers.Application in application-akka.actor.default-dispatcher-8 - User uid: 2 has started the application
2015-06-19 02:03:03,775 [DEBUG] from play.api.mvc.Cookies$ in application-akka.actor.default-dispatcher-8 - Couldn't decode the Cookie header containing: 
2015-06-19 02:03:04,628 [INFO] from controllers.Application in application-akka.actor.default-dispatcher-9 - GetRoomdetails requested from 2
2015-06-19 02:03:04,918 [DEBUG] from controllers.Application in application-akka.actor.default-dispatcher-9 - Initiating websockets with session value :Some(2)
2015-06-19 02:03:04,924 [INFO] from models.UserActor in application-akka.actor.default-dispatcher-8 - Creating new instance of UserActor for  UID: 2
2015-06-19 02:05:09,634 [DEBUG] from controllers.Application in application-akka.actor.default-dispatcher-7 - User uid: 2 has started the application
2015-06-19 02:05:09,656 [DEBUG] from play.api.mvc.Cookies$ in application-akka.actor.default-dispatcher-7 - Couldn't decode the Cookie header containing: 
2015-06-19 02:05:12,580 [INFO] from controllers.Application in application-akka.actor.default-dispatcher-7 - GetRoomdetails requested from 2
2015-06-19 02:05:12,816 [DEBUG] from controllers.Application in application-akka.actor.default-dispatcher-17 - Initiating websockets with session value :Some(2)
2015-06-19 02:05:12,827 [INFO] from models.UserActor in application-akka.actor.default-dispatcher-11 - Creating new instance of UserActor for  UID: 2
2015-06-19 02:05:36,113 [DEBUG] from controllers.Application in application-akka.actor.default-dispatcher-11 - User uid: 2 has started the application
2015-06-19 02:05:36,119 [DEBUG] from play.api.mvc.Cookies$ in application-akka.actor.default-dispatcher-11 - Couldn't decode the Cookie header containing: 
2015-06-19 02:05:37,403 [INFO] from controllers.Application in application-akka.actor.default-dispatcher-11 - GetRoomdetails requested from 2
2015-06-19 02:05:37,460 [DEBUG] from controllers.Application in application-akka.actor.default-dispatcher-17 - Initiating websockets with session value :Some(2)
2015-06-19 02:05:37,461 [INFO] from models.UserActor in application-akka.actor.default-dispatcher-14 - Creating new instance of UserActor for  UID: 2
2015-06-19 02:05:47,682 [DEBUG] from controllers.Application in application-akka.actor.default-dispatcher-14 - User uid: 2 has started the application
2015-06-19 02:05:47,684 [DEBUG] from play.api.mvc.Cookies$ in application-akka.actor.default-dispatcher-14 - Couldn't decode the Cookie header containing: 
2015-06-19 02:05:48,348 [INFO] from controllers.Application in application-akka.actor.default-dispatcher-16 - GetRoomdetails requested from 2
2015-06-19 02:05:48,451 [DEBUG] from controllers.Application in application-akka.actor.default-dispatcher-14 - Initiating websockets with session value :Some(2)
2015-06-19 02:05:48,453 [INFO] from models.UserActor in application-akka.actor.default-dispatcher-14 - Creating new instance of UserActor for  UID: 2
